#
# A fatal error has been detected by the Java Runtime Environment:
#
#  EXCEPTION_ACCESS_VIOLATION (0xc0000005) at pc=0x0000000068ed70bc, pid=24348, tid=0x00000000000060a4
#
# JRE version: Java(TM) SE Runtime Environment (8.0_221-b11) (build 1.8.0_221-b11)
# Java VM: Java HotSpot(TM) 64-Bit Server VM (25.221-b11 mixed mode windows-amd64 compressed oops)
# Problematic frame:
# V  [jvm.dll+0xf70bc]
#
# Failed to write core dump. Minidumps are not enabled by default on client versions of Windows
#
# If you would like to submit a bug report, please visit:
#   http://bugreport.java.com/bugreport/crash.jsp
#

---------------  T H R E A D  ---------------

Current thread (0x000000001cc79800):  VMThread [stack: 0x000000001e950000,0x000000001ea50000] [id=24740]

siginfo: ExceptionCode=0xc0000005, reading address 0xffffffffffffffff

Registers:
RAX=0x1900010000000018, RBX=0x000000000000007c, RCX=0x00000000000000e7, RDX=0x000000000000007c
RSP=0x000000001ea4f458, RBP=0x000000001ea4f560, RSI=0x00000000000000bb, RDI=0x000000000000000c
R8 =0x000000000323b590, R9 =0x0000000000000003, R10=0x0000000000000003, R11=0x000000002740b2b8
R12=0x000000001ea4f5f0, R13=0x000000001ea4f5e0, R14=0x0000000000000000, R15=0x0000000000000000
RIP=0x0000000068ed70bc, EFLAGS=0x0000000000010202

Top of Stack: (sp=0x000000001ea4f458)
0x000000001ea4f458:   0000000068fb51f4 1900010000000018
0x000000001ea4f468:   000000000000007c 00000000000000bb
0x000000001ea4f478:   0000000024c7f7e0 000000000475bd00
0x000000001ea4f488:   000000000475bafa 000000000475bb48
0x000000001ea4f498:   00000000690e1c2e 000000000475bcff
0x000000001ea4f4a8:   000000001ea4000a 000000001ea4f4a8
0x000000001ea4f4b8:   0000000069010000 000000000475bb60
0x000000001ea4f4c8:   0000000068e7196d 0000435517970c98
0x000000001ea4f4d8:   000000000475bb60 0000000000048270
0x000000001ea4f4e8:   0000000024c86650 00000000033561a0
0x000000001ea4f4f8:   0000000068e72094 000000001cc78560
0x000000001ea4f508:   0000000068e7fb3e 0000000024c877c8
0x000000001ea4f518:   0000000000007fe8 0000000024c7f7e0
0x000000001ea4f528:   0000000068e7fcfb 0000000000000000
0x000000001ea4f538:   0000000068e7fe1d 000000001ea4f600
0x000000001ea4f548:   000000000475b9d0 000000002740a0a0 

Instructions: (pc=0x0000000068ed70bc)
0x0000000068ed709c:   5f c3 cc cc 48 63 c2 48 8b 44 c1 50 48 89 44 24
0x0000000068ed70ac:   08 48 8b 44 24 08 0f b6 c8 f6 d1 f6 c1 01 74 05
0x0000000068ed70bc:   48 8b 40 10 c3 48 83 e0 fe c3 cc cc cc cc cc cc
0x0000000068ed70cc:   cc cc cc cc 48 89 54 24 10 49 63 c0 48 8b 44 c1 


Register to memory mapping:

RAX=0x1900010000000018 is an unknown value
RBX=0x000000000000007c is an unknown value
RCX=0x00000000000000e7 is an unknown value
RDX=0x000000000000007c is an unknown value
RSP=0x000000001ea4f458 is an unknown value
RBP=0x000000001ea4f560 is an unknown value
RSI=0x00000000000000bb is an unknown value
RDI=0x000000000000000c is an unknown value
R8 =0x000000000323b590 is an unknown value
R9 =0x0000000000000003 is an unknown value
R10=0x0000000000000003 is an unknown value
R11=0x000000002740b2b8 is pointing into metadata
R12=0x000000001ea4f5f0 is an unknown value
R13=0x000000001ea4f5e0 is an unknown value
R14=0x0000000000000000 is an unknown value
R15=0x0000000000000000 is an unknown value


Stack: [0x000000001e950000,0x000000001ea50000],  sp=0x000000001ea4f458,  free space=1021k
Native frames: (J=compiled Java code, j=interpreted, Vv=VM code, C=native code)
V  [jvm.dll+0xf70bc]

VM_Operation (0x000000001f79f250): RedefineClasses, mode: safepoint, requested by thread 0x000000001eb8c000, redefining class com.a.controller.ContactController



---------------  P R O C E S S  ---------------

Java Threads: ( => current thread )
  0x00000000224da000 JavaThread "File Watcher" daemon [_thread_blocked, id=25484, stack(0x0000000020de0000,0x0000000020ee0000)]
  0x00000000224e0000 JavaThread "Thread-2079" [_thread_blocked, id=25888, stack(0x0000000001530000,0x0000000001630000)]
  0x00000000224de000 JavaThread "RMI TCP Connection(62)-127.0.0.1" daemon [_thread_in_native, id=25956, stack(0x0000000027580000,0x0000000027680000)]
  0x000000002451e000 JavaThread "RMI TCP Connection(61)-127.0.0.1" daemon [_thread_in_native, id=11176, stack(0x0000000026e80000,0x0000000026f80000)]
  0x0000000024521000 JavaThread "RMI TCP Connection(60)-127.0.0.1" daemon [_thread_in_native, id=25160, stack(0x0000000026d80000,0x0000000026e80000)]
  0x0000000024525000 JavaThread "RMI TCP Connection(idle)" daemon [_thread_blocked, id=22184, stack(0x0000000026f80000,0x0000000027080000)]
  0x000000002451f800 JavaThread "DestroyJavaVM" [_thread_blocked, id=22384, stack(0x0000000003110000,0x0000000003210000)]
  0x00000000224dd000 JavaThread "Live Reload Server" daemon [_thread_in_native, id=20332, stack(0x0000000026080000,0x0000000026180000)]
  0x000000002219e000 JavaThread "JMX server connection timeout 366" daemon [_thread_blocked, id=25048, stack(0x00000000233b0000,0x00000000234b0000)]
  0x0000000022199800 JavaThread "RMI TCP Connection(3)-127.0.0.1" daemon [_thread_in_native, id=22692, stack(0x00000000210e0000,0x00000000211e0000)]
  0x0000000020699800 JavaThread "JMX server connection timeout 25" daemon [_thread_blocked, id=21456, stack(0x00000000216e0000,0x00000000217e0000)]
  0x000000002065a800 JavaThread "RMI Scheduler(0)" daemon [_thread_blocked, id=21252, stack(0x00000000214e0000,0x00000000215e0000)]
  0x000000002023d800 JavaThread "RMI TCP Accept-0" daemon [_thread_in_native, id=24804, stack(0x00000000208a0000,0x00000000209a0000)]
  0x0000000020238000 JavaThread "RMI TCP Accept-54481" daemon [_thread_in_native, id=18428, stack(0x00000000207a0000,0x00000000208a0000)]
  0x000000002022b800 JavaThread "RMI TCP Accept-0" daemon [_thread_in_native, id=25252, stack(0x00000000206a0000,0x00000000207a0000)]
  0x000000001ec52000 JavaThread "Service Thread" daemon [_thread_blocked, id=20596, stack(0x000000001fda0000,0x000000001fea0000)]
  0x000000001ebce800 JavaThread "C1 CompilerThread3" daemon [_thread_blocked, id=23332, stack(0x000000001fca0000,0x000000001fda0000)]
  0x000000001ebb5000 JavaThread "C2 CompilerThread2" daemon [_thread_blocked, id=12016, stack(0x000000001fba0000,0x000000001fca0000)]
  0x000000001ebb3000 JavaThread "C2 CompilerThread1" daemon [_thread_blocked, id=19084, stack(0x000000001faa0000,0x000000001fba0000)]
  0x000000001ebad800 JavaThread "C2 CompilerThread0" daemon [_thread_blocked, id=24384, stack(0x000000001f9a0000,0x000000001faa0000)]
  0x000000001eb9f000 JavaThread "JDWP Command Reader" daemon [_thread_in_native, id=22088, stack(0x000000001f8a0000,0x000000001f9a0000)]
  0x000000001eb9b800 JavaThread "JDWP Event Helper Thread" daemon [_thread_blocked, id=24760, stack(0x000000001f7a0000,0x000000001f8a0000)]
  0x000000001eb8c000 JavaThread "JDWP Transport Listener: dt_socket" daemon [_thread_blocked, id=24956, stack(0x000000001f6a0000,0x000000001f7a0000)]
  0x000000001eb82800 JavaThread "Attach Listener" daemon [_thread_blocked, id=22020, stack(0x000000001f260000,0x000000001f360000)]
  0x000000001eb81000 JavaThread "Signal Dispatcher" daemon [_thread_blocked, id=17788, stack(0x000000001f160000,0x000000001f260000)]
  0x000000001cc83800 JavaThread "Finalizer" daemon [_thread_blocked, id=18712, stack(0x000000001ef50000,0x000000001f050000)]
  0x000000000330e800 JavaThread "Reference Handler" daemon [_thread_blocked, id=23684, stack(0x000000001ea50000,0x000000001eb50000)]

Other Threads:
=>0x000000001cc79800 VMThread [stack: 0x000000001e950000,0x000000001ea50000] [id=24740]
  0x0000000020249000 WatcherThread [stack: 0x00000000209a0000,0x0000000020aa0000] [id=23292]

VM state:at safepoint (normal execution)

VM Mutex/Monitor currently owned by a thread:  ([mutex/lock_event])
[0x00000000032145b0] Threads_lock - owner thread: 0x000000001cc79800

heap address: 0x00000006c3800000, size: 4040 MB, Compressed Oops mode: Zero based, Oop shift amount: 3
Narrow klass base: 0x0000000000000000, Narrow klass shift: 3
Compressed class space size: 1073741824 Address: 0x00000007c0000000

Heap:
 PSYoungGen      total 498176K, used 11308K [0x000000076bd80000, 0x000000078b500000, 0x00000007c0000000)
  eden space 481792K, 2% used [0x000000076bd80000,0x000000076c88b2c8,0x0000000789400000)
  from space 16384K, 0% used [0x000000078a500000,0x000000078a500000,0x000000078b500000)
  to   space 16896K, 0% used [0x0000000789400000,0x0000000789400000,0x000000078a480000)
 ParOldGen       total 253440K, used 39932K [0x00000006c3800000, 0x00000006d2f80000, 0x000000076bd80000)
  object space 253440K, 15% used [0x00000006c3800000,0x00000006c5eff1d0,0x00000006d2f80000)
 Metaspace       used 65955K, capacity 70482K, committed 70656K, reserved 1110016K
  class space    used 8820K, capacity 9666K, committed 9728K, reserved 1048576K

Card table byte_map: [0x00000000126d0000,0x0000000012ec0000] byte_map_base: 0x000000000f0b4000

Marking Bits: (ParMarkBitMap*) 0x0000000069605ce0
 Begin Bits: [0x0000000013c10000, 0x0000000017b30000)
 End Bits:   [0x0000000017b30000, 0x000000001ba50000)

Polling page: 0x0000000002f40000

CodeCache: size=245760Kb used=20773Kb max_used=20773Kb free=224986Kb
 bounds [0x0000000003310000, 0x0000000004760000, 0x0000000012310000]
 total_blobs=10673 nmethods=10076 adapters=515
 compilation: enabled

Compilation events (10 events):
Event: 1903.447 Thread 0x000000001ebce800 10234       1       org.springframework.core.annotation.TypeMappedAnnotation::createIfPossible (15 bytes)
Event: 1903.447 Thread 0x000000001ebce800 nmethod 10234 0x000000000475a050 code [0x000000000475a1a0, 0x000000000475a308]
Event: 1903.519 Thread 0x000000001ebce800 10235       1       ch.qos.logback.classic.spi.LoggingEvent::<init> (113 bytes)
Event: 1903.520 Thread 0x000000001ebce800 nmethod 10235 0x000000000475a390 code [0x000000000475a520, 0x000000000475a8d8]
Event: 1903.524 Thread 0x000000001ebce800 10236  s    1       java.lang.Throwable::getOurStackTrace (80 bytes)
Event: 1903.525 Thread 0x000000001ebce800 nmethod 10236 0x000000000475abd0 code [0x000000000475ad60, 0x000000000475b258]
Event: 1903.526 Thread 0x000000001ebce800 10237       1       ch.qos.logback.classic.Logger::callAppenders (47 bytes)
Event: 1903.526 Thread 0x000000001ebce800 nmethod 10237 0x000000000475b490 code [0x000000000475b600, 0x000000000475b818]
Event: 1903.527 Thread 0x000000001ebce800 10238       1       ch.qos.logback.core.spi.AppenderAttachableImpl::appendLoopOnAppenders (48 bytes)
Event: 1903.528 Thread 0x000000001ebce800 nmethod 10238 0x000000000475b9d0 code [0x000000000475bb60, 0x000000000475be78]

GC Heap History (10 events):
Event: 1780.741 GC heap before
{Heap before GC invocations=26 (full 8):
 PSYoungGen      total 435712K, used 417280K [0x000000076bd80000, 0x000000078ba00000, 0x00000007c0000000)
  eden space 417280K, 100% used [0x000000076bd80000,0x0000000785500000,0x0000000785500000)
  from space 18432K, 0% used [0x0000000785500000,0x0000000785500000,0x0000000786700000)
  to   space 18432K, 0% used [0x000000078a800000,0x000000078a800000,0x000000078ba00000)
 ParOldGen       total 253440K, used 32270K [0x00000006c3800000, 0x00000006d2f80000, 0x000000076bd80000)
  object space 253440K, 12% used [0x00000006c3800000,0x00000006c5783a40,0x00000006d2f80000)
 Metaspace       used 65545K, capacity 70016K, committed 70144K, reserved 1110016K
  class space    used 8763K, capacity 9608K, committed 9728K, reserved 1048576K
Event: 1780.750 GC heap after
Heap after GC invocations=26 (full 8):
 PSYoungGen      total 497152K, used 8554K [0x000000076bd80000, 0x000000078b700000, 0x00000007c0000000)
  eden space 481792K, 0% used [0x000000076bd80000,0x000000076bd80000,0x0000000789400000)
  from space 15360K, 55% used [0x000000078a800000,0x000000078b05abc8,0x000000078b700000)
  to   space 17920K, 0% used [0x0000000789400000,0x0000000789400000,0x000000078a580000)
 ParOldGen       total 253440K, used 32278K [0x00000006c3800000, 0x00000006d2f80000, 0x000000076bd80000)
  object space 253440K, 12% used [0x00000006c3800000,0x00000006c5785a40,0x00000006d2f80000)
 Metaspace       used 65545K, capacity 70016K, committed 70144K, reserved 1110016K
  class space    used 8763K, capacity 9608K, committed 9728K, reserved 1048576K
}
Event: 1895.885 GC heap before
{Heap before GC invocations=27 (full 8):
 PSYoungGen      total 497152K, used 38583K [0x000000076bd80000, 0x000000078b700000, 0x00000007c0000000)
  eden space 481792K, 6% used [0x000000076bd80000,0x000000076dad3110,0x0000000789400000)
  from space 15360K, 55% used [0x000000078a800000,0x000000078b05abc8,0x000000078b700000)
  to   space 17920K, 0% used [0x0000000789400000,0x0000000789400000,0x000000078a580000)
 ParOldGen       total 253440K, used 32278K [0x00000006c3800000, 0x00000006d2f80000, 0x000000076bd80000)
  object space 253440K, 12% used [0x00000006c3800000,0x00000006c5785a40,0x00000006d2f80000)
 Metaspace       used 65649K, capacity 70104K, committed 70400K, reserved 1110016K
  class space    used 8771K, capacity 9613K, committed 9728K, reserved 1048576K
Event: 1895.891 GC heap after
Heap after GC invocations=27 (full 8):
 PSYoungGen      total 485376K, used 3317K [0x000000076bd80000, 0x000000078b600000, 0x00000007c0000000)
  eden space 481792K, 0% used [0x000000076bd80000,0x000000076bd80000,0x0000000789400000)
  from space 3584K, 92% used [0x0000000789400000,0x000000078973d4a8,0x0000000789780000)
  to   space 17408K, 0% used [0x000000078a500000,0x000000078a500000,0x000000078b600000)
 ParOldGen       total 253440K, used 32278K [0x00000006c3800000, 0x00000006d2f80000, 0x000000076bd80000)
  object space 253440K, 12% used [0x00000006c3800000,0x00000006c5785a40,0x00000006d2f80000)
 Metaspace       used 65649K, capacity 70104K, committed 70400K, reserved 1110016K
  class space    used 8771K, capacity 9613K, committed 9728K, reserved 1048576K
}
Event: 1895.891 GC heap before
{Heap before GC invocations=28 (full 9):
 PSYoungGen      total 485376K, used 3317K [0x000000076bd80000, 0x000000078b600000, 0x00000007c0000000)
  eden space 481792K, 0% used [0x000000076bd80000,0x000000076bd80000,0x0000000789400000)
  from space 3584K, 92% used [0x0000000789400000,0x000000078973d4a8,0x0000000789780000)
  to   space 17408K, 0% used [0x000000078a500000,0x000000078a500000,0x000000078b600000)
 ParOldGen       total 253440K, used 32278K [0x00000006c3800000, 0x00000006d2f80000, 0x000000076bd80000)
  object space 253440K, 12% used [0x00000006c3800000,0x00000006c5785a40,0x00000006d2f80000)
 Metaspace       used 65649K, capacity 70104K, committed 70400K, reserved 1110016K
  class space    used 8771K, capacity 9613K, committed 9728K, reserved 1048576K
Event: 1896.195 GC heap after
Heap after GC invocations=28 (full 9):
 PSYoungGen      total 485376K, used 0K [0x000000076bd80000, 0x000000078b600000, 0x00000007c0000000)
  eden space 481792K, 0% used [0x000000076bd80000,0x000000076bd80000,0x0000000789400000)
  from space 3584K, 0% used [0x0000000789400000,0x0000000789400000,0x0000000789780000)
  to   space 17408K, 0% used [0x000000078a500000,0x000000078a500000,0x000000078b600000)
 ParOldGen       total 253440K, used 34956K [0x00000006c3800000, 0x00000006d2f80000, 0x000000076bd80000)
  object space 253440K, 13% used [0x00000006c3800000,0x00000006c5a23070,0x00000006d2f80000)
 Metaspace       used 65649K, capacity 70104K, committed 70400K, reserved 1110016K
  class space    used 8771K, capacity 9613K, committed 9728K, reserved 1048576K
}
Event: 1903.073 GC heap before
{Heap before GC invocations=29 (full 9):
 PSYoungGen      total 485376K, used 392207K [0x000000076bd80000, 0x000000078b600000, 0x00000007c0000000)
  eden space 481792K, 81% used [0x000000076bd80000,0x0000000783c83e90,0x0000000789400000)
  from space 3584K, 0% used [0x0000000789400000,0x0000000789400000,0x0000000789780000)
  to   space 17408K, 0% used [0x000000078a500000,0x000000078a500000,0x000000078b600000)
 ParOldGen       total 253440K, used 34956K [0x00000006c3800000, 0x00000006d2f80000, 0x000000076bd80000)
  object space 253440K, 13% used [0x00000006c3800000,0x00000006c5a23070,0x00000006d2f80000)
 Metaspace       used 65821K, capacity 70376K, committed 70656K, reserved 1110016K
  class space    used 8791K, capacity 9658K, committed 9728K, reserved 1048576K
Event: 1903.081 GC heap after
Heap after GC invocations=29 (full 9):
 PSYoungGen      total 498176K, used 5704K [0x000000076bd80000, 0x000000078b500000, 0x00000007c0000000)
  eden space 481792K, 0% used [0x000000076bd80000,0x000000076bd80000,0x0000000789400000)
  from space 16384K, 34% used [0x000000078a500000,0x000000078aa922f0,0x000000078b500000)
  to   space 16896K, 0% used [0x0000000789400000,0x0000000789400000,0x000000078a480000)
 ParOldGen       total 253440K, used 34964K [0x00000006c3800000, 0x00000006d2f80000, 0x000000076bd80000)
  object space 253440K, 13% used [0x00000006c3800000,0x00000006c5a25070,0x00000006d2f80000)
 Metaspace       used 65821K, capacity 70376K, committed 70656K, reserved 1110016K
  class space    used 8791K, capacity 9658K, committed 9728K, reserved 1048576K
}
Event: 1903.081 GC heap before
{Heap before GC invocations=30 (full 10):
 PSYoungGen      total 498176K, used 5704K [0x000000076bd80000, 0x000000078b500000, 0x00000007c0000000)
  eden space 481792K, 0% used [0x000000076bd80000,0x000000076bd80000,0x0000000789400000)
  from space 16384K, 34% used [0x000000078a500000,0x000000078aa922f0,0x000000078b500000)
  to   space 16896K, 0% used [0x0000000789400000,0x0000000789400000,0x000000078a480000)
 ParOldGen       total 253440K, used 34964K [0x00000006c3800000, 0x00000006d2f80000, 0x000000076bd80000)
  object space 253440K, 13% used [0x00000006c3800000,0x00000006c5a25070,0x00000006d2f80000)
 Metaspace       used 65821K, capacity 70376K, committed 70656K, reserved 1110016K
  class space    used 8791K, capacity 9658K, committed 9728K, reserved 1048576K
Event: 1903.343 GC heap after
Heap after GC invocations=30 (full 10):
 PSYoungGen      total 498176K, used 0K [0x000000076bd80000, 0x000000078b500000, 0x00000007c0000000)
  eden space 481792K, 0% used [0x000000076bd80000,0x000000076bd80000,0x0000000789400000)
  from space 16384K, 0% used [0x000000078a500000,0x000000078a500000,0x000000078b500000)
  to   space 16896K, 0% used [0x0000000789400000,0x0000000789400000,0x000000078a480000)
 ParOldGen       total 253440K, used 39932K [0x00000006c3800000, 0x00000006d2f80000, 0x000000076bd80000)
  object space 253440K, 15% used [0x00000006c3800000,0x00000006c5eff1d0,0x00000006d2f80000)
 Metaspace       used 65821K, capacity 70376K, committed 70656K, reserved 1110016K
  class space    used 8791K, capacity 9658K, committed 9728K, reserved 1048576K
}

Deoptimization events (0 events):
No events

Classes redefined (10 events):
Event: 1894.150 Thread 0x000000001cc79800 redefined class name=com.a.controller.ContactController, count=5
Event: 1894.184 Thread 0x000000001cc79800 redefined class name=com.a.controller.ContactController, count=6
Event: 1894.218 Thread 0x000000001cc79800 redefined class name=com.a.controller.ContactController, count=3
Event: 1901.465 Thread 0x000000001cc79800 redefined class name=com.a.controller.ContactController, count=3
Event: 1901.507 Thread 0x000000001cc79800 redefined class name=com.a.controller.ContactController, count=1
Event: 1901.543 Thread 0x000000001cc79800 redefined class name=com.a.controller.ContactController, count=2
Event: 1901.578 Thread 0x000000001cc79800 redefined class name=com.a.controller.ContactController, count=8
Event: 1901.617 Thread 0x000000001cc79800 redefined class name=com.a.controller.ContactController, count=6
Event: 1901.650 Thread 0x000000001cc79800 redefined class name=com.a.controller.ContactController, count=7
Event: 1901.684 Thread 0x000000001cc79800 redefined class name=com.a.controller.ContactController, count=4

Internal exceptions (10 events):
Event: 1903.512 Thread 0x00000000224d9800 Exception <a 'java/lang/NoClassDefFoundError': javax/validation/ValidationException> (0x000000076c4708d0) thrown at [C:\re\workspace\8-2-build-windows-amd64-cygwin\jdk8u221\13320\hotspot\src\share\vm\classfile\systemDictionary.cpp, line 199]
Event: 1903.512 Thread 0x00000000224d9800 Exception <a 'java/lang/ArrayIndexOutOfBoundsException'> (0x000000076c471e08) thrown at [C:\re\workspace\8-2-build-windows-amd64-cygwin\jdk8u221\13320\hotspot\src\share\vm\runtime\sharedRuntime.cpp, line 605]
Event: 1903.513 Thread 0x00000000224d9800 Exception <a 'java/lang/ArrayIndexOutOfBoundsException'> (0x000000076c482b90) thrown at [C:\re\workspace\8-2-build-windows-amd64-cygwin\jdk8u221\13320\hotspot\src\share\vm\runtime\sharedRuntime.cpp, line 605]
Event: 1903.514 Thread 0x00000000224d9800 Exception <a 'java/lang/ArrayIndexOutOfBoundsException'> (0x000000076c493920) thrown at [C:\re\workspace\8-2-build-windows-amd64-cygwin\jdk8u221\13320\hotspot\src\share\vm\runtime\sharedRuntime.cpp, line 605]
Event: 1903.514 Thread 0x00000000224d9800 Exception <a 'java/lang/ArrayIndexOutOfBoundsException'> (0x000000076c495880) thrown at [C:\re\workspace\8-2-build-windows-amd64-cygwin\jdk8u221\13320\hotspot\src\share\vm\runtime\sharedRuntime.cpp, line 605]
Event: 1903.515 Thread 0x00000000224d9800 Exception <a 'java/lang/ArrayIndexOutOfBoundsException'> (0x000000076c4a59e0) thrown at [C:\re\workspace\8-2-build-windows-amd64-cygwin\jdk8u221\13320\hotspot\src\share\vm\runtime\sharedRuntime.cpp, line 605]
Event: 1903.516 Thread 0x00000000224d9800 Exception <a 'java/lang/ArrayIndexOutOfBoundsException'> (0x000000076c4b68c0) thrown at [C:\re\workspace\8-2-build-windows-amd64-cygwin\jdk8u221\13320\hotspot\src\share\vm\runtime\sharedRuntime.cpp, line 605]
Event: 1903.517 Thread 0x00000000224d9800 Exception <a 'java/lang/ArrayIndexOutOfBoundsException'> (0x000000076c4cf3d0) thrown at [C:\re\workspace\8-2-build-windows-amd64-cygwin\jdk8u221\13320\hotspot\src\share\vm\runtime\sharedRuntime.cpp, line 605]
Event: 1903.518 Thread 0x00000000224d9800 Exception <a 'java/lang/ArrayIndexOutOfBoundsException'> (0x000000076c4e1b10) thrown at [C:\re\workspace\8-2-build-windows-amd64-cygwin\jdk8u221\13320\hotspot\src\share\vm\runtime\sharedRuntime.cpp, line 605]
Event: 1903.526 Thread 0x00000000224d9800 Exception <a 'java/lang/reflect/InvocationTargetException'> (0x000000076c5849e0) thrown at [C:\re\workspace\8-2-build-windows-amd64-cygwin\jdk8u221\13320\hotspot\src\share\vm\runtime\reflection.cpp, line 1092]

Events (10 events):
Event: 1903.527 loading class org/springframework/boot/devtools/autoconfigure/FileWatchingFailureHandler$Listener
Event: 1903.527 loading class org/springframework/boot/devtools/autoconfigure/FileWatchingFailureHandler$Listener done
Event: 1903.527 Thread 0x00000000224e0000 DEOPT PACKING pc=0x000000000351b911 sp=0x000000000162e390
Event: 1903.527 Thread 0x00000000224e0000 DEOPT UNPACKING pc=0x0000000003357890 sp=0x000000000162e0e0 mode 1
Event: 1903.527 Thread 0x00000000224e0000 DEOPT PACKING pc=0x0000000003dfc4bc sp=0x000000000162e410
Event: 1903.527 Thread 0x00000000224e0000 DEOPT UNPACKING pc=0x0000000003357890 sp=0x000000000162e220 mode 1
Event: 1903.527 Thread 0x00000000224e0000 DEOPT PACKING pc=0x0000000003dfc404 sp=0x000000000162e590
Event: 1903.527 Thread 0x00000000224e0000 DEOPT UNPACKING pc=0x0000000003357890 sp=0x000000000162e3a0 mode 1
Event: 1903.536 Thread 0x00000000224da000 Thread added: 0x00000000224da000
Event: 1918.189 Executing VM operation: RedefineClasses


Dynamic libraries:
0x00007ff6d9cd0000 - 0x00007ff6d9d07000 	C:\Program Files\Java\jre1.8.0_221\bin\javaw.exe
0x00007ff8700c0000 - 0x00007ff8702b0000 	C:\Windows\SYSTEM32\ntdll.dll
0x00007ff86ebd0000 - 0x00007ff86ec82000 	C:\Windows\System32\KERNEL32.dll
0x00007ff86cc60000 - 0x00007ff86cd87000 	C:\Windows\system32\hmpalert.dll
0x00007ff86d4a0000 - 0x00007ff86d743000 	C:\Windows\System32\KERNELBASE.dll
0x00007ff86e2d0000 - 0x00007ff86e373000 	C:\Windows\System32\ADVAPI32.dll
0x00007ff86fc60000 - 0x00007ff86fcfe000 	C:\Windows\System32\msvcrt.dll
0x00007ff86e380000 - 0x00007ff86e417000 	C:\Windows\System32\sechost.dll
0x00007ff86f180000 - 0x00007ff86f2a0000 	C:\Windows\System32\RPCRT4.dll
0x00007ff86fac0000 - 0x00007ff86fc54000 	C:\Windows\System32\USER32.dll
0x00007ff86d8a0000 - 0x00007ff86d8c1000 	C:\Windows\System32\win32u.dll
0x00007ff86fd00000 - 0x00007ff86fd26000 	C:\Windows\System32\GDI32.dll
0x00007ff86d300000 - 0x00007ff86d494000 	C:\Windows\System32\gdi32full.dll
0x00007ff86e080000 - 0x00007ff86e11e000 	C:\Windows\System32\msvcp_win.dll
0x00007ff86d200000 - 0x00007ff86d2fa000 	C:\Windows\System32\ucrtbase.dll
0x00007ff859460000 - 0x00007ff8596e5000 	C:\Windows\WinSxS\amd64_microsoft.windows.common-controls_6595b64144ccf1df_6.0.18362.476_none_e6c4b11b130f2595\COMCTL32.dll
0x00007ff86edd0000 - 0x00007ff86f106000 	C:\Windows\System32\combase.dll
0x00007ff86d120000 - 0x00007ff86d1a0000 	C:\Windows\System32\bcryptPrimitives.dll
0x00007ff86f370000 - 0x00007ff86f39e000 	C:\Windows\System32\IMM32.DLL
0x00007ff86ba90000 - 0x00007ff86bacd000 	C:\Windows\system32\SophosAV\SOPHOS~1.DLL
0x00007ff86f110000 - 0x00007ff86f118000 	C:\Windows\System32\PSAPI.DLL
0x0000000069690000 - 0x0000000069762000 	C:\Program Files\Java\jre1.8.0_221\bin\msvcr100.dll
0x0000000068de0000 - 0x0000000069685000 	C:\Program Files\Java\jre1.8.0_221\bin\server\jvm.dll
0x00007ff869bb0000 - 0x00007ff869bb9000 	C:\Windows\SYSTEM32\WSOCK32.dll
0x00007ff869f60000 - 0x00007ff869f84000 	C:\Windows\SYSTEM32\WINMM.dll
0x00007ff86fe00000 - 0x00007ff86fe6f000 	C:\Windows\System32\WS2_32.dll
0x00007ff8603b0000 - 0x00007ff8603ba000 	C:\Windows\SYSTEM32\VERSION.dll
0x00007ff869b80000 - 0x00007ff869bad000 	C:\Windows\SYSTEM32\winmmbase.dll
0x00007ff86e120000 - 0x00007ff86e16a000 	C:\Windows\System32\cfgmgr32.dll
0x00007ff8686d0000 - 0x00007ff8686df000 	C:\Program Files\Java\jre1.8.0_221\bin\verify.dll
0x00007ff858b50000 - 0x00007ff858b79000 	C:\Program Files\Java\jre1.8.0_221\bin\java.dll
0x00007ff8520f0000 - 0x00007ff852125000 	C:\Program Files\Java\jre1.8.0_221\bin\jdwp.dll
0x00007ff8665e0000 - 0x00007ff8665e8000 	C:\Program Files\Java\jre1.8.0_221\bin\npt.dll
0x00007ff8686b0000 - 0x00007ff8686c6000 	C:\Program Files\Java\jre1.8.0_221\bin\zip.dll
0x00007ff86e4e0000 - 0x00007ff86ebc5000 	C:\Windows\System32\SHELL32.dll
0x00007ff86ff70000 - 0x00007ff870019000 	C:\Windows\System32\shcore.dll
0x00007ff86d900000 - 0x00007ff86e07e000 	C:\Windows\System32\windows.storage.dll
0x00007ff86d030000 - 0x00007ff86d04f000 	C:\Windows\System32\profapi.dll
0x00007ff86cfe0000 - 0x00007ff86d02a000 	C:\Windows\System32\powrprof.dll
0x00007ff86cf90000 - 0x00007ff86cfa0000 	C:\Windows\System32\UMPDC.dll
0x00007ff86f120000 - 0x00007ff86f172000 	C:\Windows\System32\shlwapi.dll
0x00007ff86cfc0000 - 0x00007ff86cfd1000 	C:\Windows\System32\kernel.appcore.dll
0x00007ff86d100000 - 0x00007ff86d117000 	C:\Windows\System32\cryptsp.dll
0x00007ff858030000 - 0x00007ff858039000 	C:\Program Files\Java\jre1.8.0_221\bin\dt_socket.dll
0x00007ff842a30000 - 0x00007ff842a46000 	C:\Windows\system32\napinsp.dll
0x00007ff842a10000 - 0x00007ff842a2a000 	C:\Windows\system32\pnrpnsp.dll
0x00007ff86c6d0000 - 0x00007ff86c737000 	C:\Windows\System32\mswsock.dll
0x00007ff86c430000 - 0x00007ff86c4fa000 	C:\Windows\SYSTEM32\DNSAPI.dll
0x00007ff86e420000 - 0x00007ff86e428000 	C:\Windows\System32\NSI.dll
0x00007ff86c3e0000 - 0x00007ff86c41a000 	C:\Windows\SYSTEM32\IPHLPAPI.DLL
0x00007ff854e80000 - 0x00007ff854e8e000 	C:\Windows\System32\winrnr.dll
0x00007ff8684a0000 - 0x00007ff8684bc000 	C:\Windows\system32\NLAapi.dll
0x00007ff866880000 - 0x00007ff866895000 	C:\Windows\system32\wshbth.dll
0x00007ff85f680000 - 0x00007ff85f6f7000 	C:\Windows\System32\fwpuclnt.dll
0x00007ff86d8d0000 - 0x00007ff86d8f6000 	C:\Windows\System32\bcrypt.dll
0x00007ff85fc10000 - 0x00007ff85fc1a000 	C:\Windows\System32\rasadhlp.dll
0x00007ff865990000 - 0x00007ff86599d000 	C:\Program Files\Java\jre1.8.0_221\bin\management.dll
0x00007ff8685d0000 - 0x00007ff8685ea000 	C:\Program Files\Java\jre1.8.0_221\bin\net.dll
0x00007ff85fa30000 - 0x00007ff85fc06000 	C:\Windows\SYSTEM32\urlmon.dll
0x00007ff85f760000 - 0x00007ff85fa06000 	C:\Windows\SYSTEM32\iertutil.dll
0x00007ff86c8a0000 - 0x00007ff86c8ac000 	C:\Windows\SYSTEM32\CRYPTBASE.DLL
0x00007ff865590000 - 0x00007ff8655a2000 	C:\Program Files\Java\jre1.8.0_221\bin\nio.dll
0x00007ff86c240000 - 0x00007ff86c273000 	C:\Windows\system32\rsaenh.dll
0x00007ff86ce80000 - 0x00007ff86cea5000 	C:\Windows\SYSTEM32\USERENV.dll
0x00007ff85fc60000 - 0x00007ff85fc76000 	C:\Windows\SYSTEM32\dhcpcsvc6.DLL
0x00007ff860290000 - 0x00007ff8602ac000 	C:\Windows\SYSTEM32\dhcpcsvc.DLL
0x00007ff86b760000 - 0x00007ff86b954000 	C:\Windows\SYSTEM32\dbghelp.dll

VM Arguments:
jvm_args: -agentlib:jdwp=transport=dt_socket,suspend=y,address=localhost:54482 -Dcom.sun.management.jmxremote -Dcom.sun.management.jmxremote.port=54481 -Dcom.sun.management.jmxremote.authenticate=false -Dcom.sun.management.jmxremote.ssl=false -Djava.rmi.server.hostname=localhost -Dspring.jmx.enabled=true -Dspring.application.admin.enabled=true -Xverify:none -XX:TieredStopAtLevel=1 -Dspring.boot.project.name=contact-details -Dfile.encoding=UTF-8 
java_command: com.a.ContactDetailsApplication --spring.output.ansi.enabled=always
java_class_path (initial): C:\SM\stsWorkspace\contact-details\target\classes;C:\Users\sayali.ITSPUNELAPTOP15\.m2\repository\org\springframework\boot\spring-boot-starter-actuator\2.3.1.RELEASE\spring-boot-starter-actuator-2.3.1.RELEASE.jar;C:\Users\sayali.ITSPUNELAPTOP15\.m2\repository\org\springframework\boot\spring-boot-starter\2.3.1.RELEASE\spring-boot-starter-2.3.1.RELEASE.jar;C:\Users\sayali.ITSPUNELAPTOP15\.m2\repository\org\springframework\boot\spring-boot-starter-logging\2.3.1.RELEASE\spring-boot-starter-logging-2.3.1.RELEASE.jar;C:\Users\sayali.ITSPUNELAPTOP15\.m2\repository\ch\qos\logback\logback-classic\1.2.3\logback-classic-1.2.3.jar;C:\Users\sayali.ITSPUNELAPTOP15\.m2\repository\ch\qos\logback\logback-core\1.2.3\logback-core-1.2.3.jar;C:\Users\sayali.ITSPUNELAPTOP15\.m2\repository\org\apache\logging\log4j\log4j-to-slf4j\2.13.3\log4j-to-slf4j-2.13.3.jar;C:\Users\sayali.ITSPUNELAPTOP15\.m2\repository\org\apache\logging\log4j\log4j-api\2.13.3\log4j-api-2.13.3.jar;C:\Users\sayali.ITSPUNELAPTOP15\.m2\repository\org\slf4j\jul-to-slf4j\1.7.30\jul-to-slf4j-1.7.30.jar;C:\Users\sayali.ITSPUNELAPTOP15\.m2\repository\jakarta\annotation\jakarta.annotation-api\1.3.5\jakarta.annotation-api-1.3.5.jar;C:\Users\sayali.ITSPUNELAPTOP15\.m2\repository\org\yaml\snakeyaml\1.26\snakeyaml-1.26.jar;C:\Users\sayali.ITSPUNELAPTOP15\.m2\repository\org\springframework\boot\spring-boot-actuator-autoconfigure\2.3.1.RELEASE\spring-boot-actuator-autoconfigure-2.3.1.RELEASE.jar;C:\Users\sayali.ITSPUNELAPTOP15\.m2\repository\org\springframework\boot\spring-boot-actuator\2.3.1.RELEASE\spring-boot-actuator-2.3.1.RELEASE.jar;C:\Users\sayali.ITSPUNELAPTOP15\.m2\repository\com\fasterxml\jackson\core\jackson-databind\2.11.0\jackson-databind-2.11.0.jar;C:\Users\sayali.ITSPUNELAPTOP15\.m2\repository\com\fasterxml\jackson\core\jackson-annotations\2.11.0\jackson-annotations-2.11.0.jar;C:\Users\sayali.ITSPUNELAPTOP15\.m2\repository\com\fasterxml\jackson\core\jackson-core\2.11.0\jackson-core-2.11.0.
Launcher Type: SUN_STANDARD

Environment Variables:
JAVA_HOME=C:\Program Files\Java\jdk1.8.0_221
PATH=C:\Program Files (x86)\Common Files\Oracle\Java\javapath;C:\Windows\system32;C:\Windows;C:\Windows\System32\Wbem;C:\Windows\System32\WindowsPowerShell\v1.0\;C:\Windows\System32\OpenSSH\;C:\Program Files (x86)\Intel\Intel(R) Management Engine Components\DAL;C:\Program Files\Intel\Intel(R) Management Engine Components\DAL;C:\Program Files\nodejs\;C:\Program Files\TortoiseSVN\bin;C:\Program Files (x86)\Microsoft SQL Server\150\DTS\Binn\;C:\Program Files\Microsoft SQL Server\130\Tools\Binn\;C:\Program Files\dotnet\;C:\Users\sayali.ITSPUNELAPTOP15\AppData\Local\Microsoft\WindowsApps;;C:\Users\sayali.ITSPUNELAPTOP15\AppData\Local\Programs\Microsoft VS Code\bin
USERNAME=sayali
OS=Windows_NT
PROCESSOR_IDENTIFIER=Intel64 Family 6 Model 142 Stepping 12, GenuineIntel



---------------  S Y S T E M  ---------------

OS: Windows 10.0 , 64 bit Build 18362 (10.0.18362.329)

CPU:total 8 (initial active 8) (4 cores per cpu, 2 threads per core) family 6 model 142 stepping 12, cmov, cx8, fxsr, mmx, sse, sse2, sse3, ssse3, sse4.1, sse4.2, popcnt, avx, avx2, aes, clmul, erms, 3dnowpref, lzcnt, ht, tsc, tscinvbit, bmi1, bmi2, adx

Memory: 4k page, physical 16547076k(6453708k free), swap 19299588k(3312016k free)

vm_info: Java HotSpot(TM) 64-Bit Server VM (25.221-b11) for windows-amd64 JRE (1.8.0_221-b11), built on Jul  4 2019 04:39:29 by "java_re" with MS VC++ 10.0 (VS2010)

time: Mon Jun 15 19:56:18 2020
timezone: India Standard Time
elapsed time: 1918 seconds (0d 0h 31m 58s)

